<?xml version="1.0" encoding="UTF-8"?>
<!-- Generated by org.testng.reporters.JUnitReportReporter -->
<testsuite hostname="PHANISON-ACER-SWIFT-3" failures="0" tests="2" name="com.testcases.GetTest" time="5.862" errors="0" timestamp="2023-06-14T23:42:56 IST" skipped="0">
  <testcase classname="com.testcases.GetTest" name="getAllUsers" time="2.293"/>
  <system-out/>
  <testcase classname="com.testcases.GetTest" name="postUser" time="3.569"/>
  <system-out/>
</testsuite> <!-- com.testcases.GetTest -->
