<?xml version="1.0" encoding="UTF-8"?>
<!-- Generated by org.testng.reporters.JUnitReportReporter -->
<testsuite hostname="PHANISON-ACER-SWIFT-3" failures="0" tests="3" name="com.testcases.GetTest" time="6.190" errors="0" timestamp="2023-06-15T17:59:22 IST" skipped="0">
  <testcase classname="com.testcases.GetTest" name="postUser" time="5.496"/>
  <system-out/>
  <testcase classname="com.testcases.GetTest" name="getUserByID" time="0.639"/>
  <system-out/>
  <testcase classname="com.testcases.GetTest" name="getAllUsers" time="0.055"/>
  <system-out/>
</testsuite> <!-- com.testcases.GetTest -->
